  CharacterSelect.cpp
C:\Users\KGA_22_PM\KGA\KGA-KOF\Main\CharacterSelect.cpp(15,43): warning C4244: '인수': 'double'에서 'int'(으)로 변환하면서 데이터가 손실될 수 있습니다.
C:\Users\KGA_22_PM\KGA\KGA-KOF\Main\CharacterSelect.cpp(15,32): warning C4244: '인수': 'double'에서 'int'(으)로 변환하면서 데이터가 손실될 수 있습니다.
C:\Users\KGA_22_PM\KGA\KGA-KOF\Main\CharacterSelect.cpp(24,84): warning C4244: '인수': 'double'에서 'int'(으)로 변환하면서 데이터가 손실될 수 있습니다.
C:\Users\KGA_22_PM\KGA\KGA-KOF\Main\CharacterSelect.cpp(24,73): warning C4244: '인수': 'double'에서 'int'(으)로 변환하면서 데이터가 손실될 수 있습니다.
C:\Users\KGA_22_PM\KGA\KGA-KOF\Main\CharacterSelect.cpp(26,84): warning C4244: '인수': 'double'에서 'int'(으)로 변환하면서 데이터가 손실될 수 있습니다.
C:\Users\KGA_22_PM\KGA\KGA-KOF\Main\CharacterSelect.cpp(26,73): warning C4244: '인수': 'double'에서 'int'(으)로 변환하면서 데이터가 손실될 수 있습니다.
C:\Users\KGA_22_PM\KGA\KGA-KOF\Main\CharacterSelect.cpp(30,82): warning C4244: '인수': 'double'에서 'int'(으)로 변환하면서 데이터가 손실될 수 있습니다.
C:\Users\KGA_22_PM\KGA\KGA-KOF\Main\CharacterSelect.cpp(30,71): warning C4244: '인수': 'double'에서 'int'(으)로 변환하면서 데이터가 손실될 수 있습니다.
C:\Users\KGA_22_PM\KGA\KGA-KOF\Main\CharacterSelect.cpp(32,82): warning C4244: '인수': 'double'에서 'int'(으)로 변환하면서 데이터가 손실될 수 있습니다.
C:\Users\KGA_22_PM\KGA\KGA-KOF\Main\CharacterSelect.cpp(32,71): warning C4244: '인수': 'double'에서 'int'(으)로 변환하면서 데이터가 손실될 수 있습니다.
C:\Users\KGA_22_PM\KGA\KGA-KOF\Main\CharacterSelect.cpp(36,82): warning C4244: '인수': 'double'에서 'int'(으)로 변환하면서 데이터가 손실될 수 있습니다.
C:\Users\KGA_22_PM\KGA\KGA-KOF\Main\CharacterSelect.cpp(36,71): warning C4244: '인수': 'double'에서 'int'(으)로 변환하면서 데이터가 손실될 수 있습니다.
C:\Users\KGA_22_PM\KGA\KGA-KOF\Main\CharacterSelect.cpp(38,82): warning C4244: '인수': 'double'에서 'int'(으)로 변환하면서 데이터가 손실될 수 있습니다.
C:\Users\KGA_22_PM\KGA\KGA-KOF\Main\CharacterSelect.cpp(38,71): warning C4244: '인수': 'double'에서 'int'(으)로 변환하면서 데이터가 손실될 수 있습니다.
C:\Users\KGA_22_PM\KGA\KGA-KOF\Main\CharacterSelect.cpp(42,82): warning C4244: '인수': 'double'에서 'int'(으)로 변환하면서 데이터가 손실될 수 있습니다.
C:\Users\KGA_22_PM\KGA\KGA-KOF\Main\CharacterSelect.cpp(42,71): warning C4244: '인수': 'double'에서 'int'(으)로 변환하면서 데이터가 손실될 수 있습니다.
C:\Users\KGA_22_PM\KGA\KGA-KOF\Main\CharacterSelect.cpp(44,82): warning C4244: '인수': 'double'에서 'int'(으)로 변환하면서 데이터가 손실될 수 있습니다.
C:\Users\KGA_22_PM\KGA\KGA-KOF\Main\CharacterSelect.cpp(44,71): warning C4244: '인수': 'double'에서 'int'(으)로 변환하면서 데이터가 손실될 수 있습니다.
C:\Users\KGA_22_PM\KGA\KGA-KOF\Main\CharacterSelect.cpp(166,63): warning C4244: '인수': 'FLOAT'에서 'int'(으)로 변환하면서 데이터가 손실될 수 있습니다.
C:\Users\KGA_22_PM\KGA\KGA-KOF\Main\CharacterSelect.cpp(166,46): warning C4244: '인수': 'FLOAT'에서 'int'(으)로 변환하면서 데이터가 손실될 수 있습니다.
C:\Users\KGA_22_PM\KGA\KGA-KOF\Main\CharacterSelect.cpp(168,60): warning C4244: '인수': 'FLOAT'에서 'int'(으)로 변환하면서 데이터가 손실될 수 있습니다.
C:\Users\KGA_22_PM\KGA\KGA-KOF\Main\CharacterSelect.cpp(168,43): warning C4244: '인수': 'FLOAT'에서 'int'(으)로 변환하면서 데이터가 손실될 수 있습니다.
C:\Users\KGA_22_PM\KGA\KGA-KOF\Main\CharacterSelect.cpp(169,60): warning C4244: '인수': 'FLOAT'에서 'int'(으)로 변환하면서 데이터가 손실될 수 있습니다.
C:\Users\KGA_22_PM\KGA\KGA-KOF\Main\CharacterSelect.cpp(169,43): warning C4244: '인수': 'FLOAT'에서 'int'(으)로 변환하면서 데이터가 손실될 수 있습니다.
C:\Users\KGA_22_PM\KGA\KGA-KOF\Main\CharacterSelect.cpp(172,60): warning C4244: '인수': 'FLOAT'에서 'int'(으)로 변환하면서 데이터가 손실될 수 있습니다.
C:\Users\KGA_22_PM\KGA\KGA-KOF\Main\CharacterSelect.cpp(172,43): warning C4244: '인수': 'FLOAT'에서 'int'(으)로 변환하면서 데이터가 손실될 수 있습니다.
C:\Users\KGA_22_PM\KGA\KGA-KOF\Main\CharacterSelect.cpp(173,60): warning C4244: '인수': 'FLOAT'에서 'int'(으)로 변환하면서 데이터가 손실될 수 있습니다.
C:\Users\KGA_22_PM\KGA\KGA-KOF\Main\CharacterSelect.cpp(173,43): warning C4244: '인수': 'FLOAT'에서 'int'(으)로 변환하면서 데이터가 손실될 수 있습니다.
C:\Users\KGA_22_PM\KGA\KGA-KOF\Main\CharacterSelect.cpp(178,57): warning C4244: '인수': 'FLOAT'에서 'int'(으)로 변환하면서 데이터가 손실될 수 있습니다.
C:\Users\KGA_22_PM\KGA\KGA-KOF\Main\CharacterSelect.cpp(178,40): warning C4244: '인수': 'FLOAT'에서 'int'(으)로 변환하면서 데이터가 손실될 수 있습니다.
C:\Users\KGA_22_PM\KGA\KGA-KOF\Main\CharacterSelect.cpp(181,58): warning C4244: '인수': 'FLOAT'에서 'int'(으)로 변환하면서 데이터가 손실될 수 있습니다.
C:\Users\KGA_22_PM\KGA\KGA-KOF\Main\CharacterSelect.cpp(181,41): warning C4244: '인수': 'FLOAT'에서 'int'(으)로 변환하면서 데이터가 손실될 수 있습니다.
C:\Users\KGA_22_PM\KGA\KGA-KOF\Main\CharacterSelect.cpp(184,57): warning C4244: '인수': 'FLOAT'에서 'int'(으)로 변환하면서 데이터가 손실될 수 있습니다.
C:\Users\KGA_22_PM\KGA\KGA-KOF\Main\CharacterSelect.cpp(184,40): warning C4244: '인수': 'FLOAT'에서 'int'(으)로 변환하면서 데이터가 손실될 수 있습니다.
C:\Users\KGA_22_PM\KGA\KGA-KOF\Main\CharacterSelect.cpp(187,57): warning C4244: '인수': 'FLOAT'에서 'int'(으)로 변환하면서 데이터가 손실될 수 있습니다.
C:\Users\KGA_22_PM\KGA\KGA-KOF\Main\CharacterSelect.cpp(187,40): warning C4244: '인수': 'FLOAT'에서 'int'(으)로 변환하면서 데이터가 손실될 수 있습니다.
C:\Users\KGA_22_PM\KGA\KGA-KOF\Main\CharacterSelect.cpp(191,57): warning C4244: '인수': 'FLOAT'에서 'int'(으)로 변환하면서 데이터가 손실될 수 있습니다.
C:\Users\KGA_22_PM\KGA\KGA-KOF\Main\CharacterSelect.cpp(191,40): warning C4244: '인수': 'FLOAT'에서 'int'(으)로 변환하면서 데이터가 손실될 수 있습니다.
C:\Users\KGA_22_PM\KGA\KGA-KOF\Main\CharacterSelect.cpp(194,58): warning C4244: '인수': 'FLOAT'에서 'int'(으)로 변환하면서 데이터가 손실될 수 있습니다.
C:\Users\KGA_22_PM\KGA\KGA-KOF\Main\CharacterSelect.cpp(194,41): warning C4244: '인수': 'FLOAT'에서 'int'(으)로 변환하면서 데이터가 손실될 수 있습니다.
C:\Users\KGA_22_PM\KGA\KGA-KOF\Main\CharacterSelect.cpp(197,57): warning C4244: '인수': 'FLOAT'에서 'int'(으)로 변환하면서 데이터가 손실될 수 있습니다.
C:\Users\KGA_22_PM\KGA\KGA-KOF\Main\CharacterSelect.cpp(197,40): warning C4244: '인수': 'FLOAT'에서 'int'(으)로 변환하면서 데이터가 손실될 수 있습니다.
C:\Users\KGA_22_PM\KGA\KGA-KOF\Main\CharacterSelect.cpp(200,57): warning C4244: '인수': 'FLOAT'에서 'int'(으)로 변환하면서 데이터가 손실될 수 있습니다.
C:\Users\KGA_22_PM\KGA\KGA-KOF\Main\CharacterSelect.cpp(200,40): warning C4244: '인수': 'FLOAT'에서 'int'(으)로 변환하면서 데이터가 손실될 수 있습니다.
C:\Users\KGA_22_PM\KGA\KGA-KOF\Main\CharacterSelect.cpp(214,19): warning C4156: 'delete' 배열 형식을 사용하지 않고 배열 식을 삭제했습니다. 배열 형식이 대체됩니다.
C:\Users\KGA_22_PM\KGA\KGA-KOF\Main\CharacterSelect.cpp(214,19): warning C4154: 배열 식을 삭제했습니다. 포인터로 변환이 제공됩니다.
  210830_WinMain.vcxproj -> C:\Users\KGA_22_PM\KGA\KGA-KOF\Main\x64\Debug\210830_WinMain.exe
